\BOOKMARK [1][-]{section.1}{Risultati dell'analisi}{}% 1
\BOOKMARK [2][-]{subsection.1.1}{Analisi generale}{section.1}% 2
\BOOKMARK [3][-]{subsubsection.1.1.1}{Gli assi principali}{subsection.1.1}% 3
\BOOKMARK [4][-]{paragraph.1.1.1.1}{Where}{subsubsection.1.1.1}% 4
\BOOKMARK [4][-]{paragraph.1.1.1.2}{Who}{subsubsection.1.1.1}% 5
\BOOKMARK [4][-]{paragraph.1.1.1.3}{Why}{subsubsection.1.1.1}% 6
\BOOKMARK [4][-]{paragraph.1.1.1.4}{When}{subsubsection.1.1.1}% 7
\BOOKMARK [4][-]{paragraph.1.1.1.5}{What}{subsubsection.1.1.1}% 8
\BOOKMARK [4][-]{paragraph.1.1.1.6}{How}{subsubsection.1.1.1}% 9
\BOOKMARK [3][-]{subsubsection.1.1.2}{Inconsistenza dei frame}{subsection.1.1}% 10
\BOOKMARK [3][-]{subsubsection.1.1.3}{Lost in navigation}{subsection.1.1}% 11
\BOOKMARK [3][-]{subsubsection.1.1.4}{Profondit\340}{subsection.1.1}% 12
\BOOKMARK [3][-]{subsubsection.1.1.5}{Scrolling}{subsection.1.1}% 13
\BOOKMARK [3][-]{subsubsection.1.1.6}{Back button}{subsection.1.1}% 14
\BOOKMARK [3][-]{subsubsection.1.1.7}{Apertura link}{subsection.1.1}% 15
\BOOKMARK [3][-]{subsubsection.1.1.8}{Splash page}{subsection.1.1}% 16
\BOOKMARK [3][-]{subsubsection.1.1.9}{Convenzioni non rispettate}{subsection.1.1}% 17
\BOOKMARK [3][-]{subsubsection.1.1.10}{Bloated design}{subsection.1.1}% 18
\BOOKMARK [3][-]{subsubsection.1.1.11}{Versione mobile}{subsection.1.1}% 19
\BOOKMARK [2][-]{subsection.1.2}{Analisi delle parti}{section.1}% 20
\BOOKMARK [3][-]{subsubsection.1.2.1}{Home}{subsection.1.2}% 21
\BOOKMARK [4][-]{paragraph.1.2.1.1}{Asse When}{subsubsection.1.2.1}% 22
\BOOKMARK [4][-]{figure.caption.5}{Convenzioni non rispettate}{subsubsection.1.2.1}% 23
\BOOKMARK [4][-]{paragraph.1.2.1.3}{Bloated design}{subsubsection.1.2.1}% 24
\BOOKMARK [3][-]{subsubsection.1.2.2}{Nursery}{subsection.1.2}% 25
\BOOKMARK [4][-]{paragraph.1.2.2.1}{Asse When}{subsubsection.1.2.2}% 26
\BOOKMARK [4][-]{figure.caption.7}{Convenzioni non rispettate}{subsubsection.1.2.2}% 27
\BOOKMARK [4][-]{figure.caption.8}{Bloated design}{subsubsection.1.2.2}% 28
\BOOKMARK [3][-]{subsubsection.1.2.3}{Heartland Adults}{subsection.1.2}% 29
\BOOKMARK [4][-]{paragraph.1.2.3.1}{Asse When}{subsubsection.1.2.3}% 30
\BOOKMARK [4][-]{figure.caption.10}{Convenzioni non rispettate}{subsubsection.1.2.3}% 31
\BOOKMARK [4][-]{paragraph.1.2.3.3}{Bloated design}{subsubsection.1.2.3}% 32
